# JRE version: OpenJDK Runtime Environment (21.0.3) (build 21.0.3+-12282718-b509.11)
# Java VM: OpenJDK 64-Bit Server VM (21.0.3+-12282718-b509.11, mixed mode, tiered, compressed oops, compressed class ptrs, g1 gc, windows-amd64)
GC Precious Log:
 CardTable entry size: 512
 Card Set container configuration: InlinePtr #cards 5 size 8 Array Of Cards #cards 12 size 40 Howl #buckets 4 coarsen threshold 1843 Howl Bitmap #cards 512 size 80 coarsen threshold 460 Card regions per heap region 1 cards per card region 2048
 CPUs: 8 total, 8 available
 Memory: 6060M
 Large Page Support: Disabled
 NUMA Support: Disabled
 Compressed Oops: Enabled (32-bit)
 Heap Region Size: 1M
 Heap Min Capacity: 8M
 Heap Initial Capacity: 96M
 Heap Max Capacity: 2G
 Pre-touch: Disabled
 Parallel Workers: 8
 Concurrent Workers: 2
 Concurrent Refinement Workers: 8
 Periodic GC: Disabled
Heap:
 garbage-first heap   total 78848K, used 55340K [0x0000000080000000, 0x0000000100000000)
  region size 1024K, 36 young (36864K), 4 survivors (4096K)
 Metaspace       used 33180K, committed 33984K, reserved 1114112K
  class space    used 4401K, committed 4800K, reserved 1048576K
GC Heap History (10 events):
Event: 1.691 GC heap before
{Heap before GC invocations=0 (full 0):
 garbage-first heap   total 98304K, used 26624K [0x0000000080000000, 0x0000000100000000)
  region size 1024K, 23 young (23552K), 0 survivors (0K)
 Metaspace       used 8147K, committed 8320K, reserved 1114112K
  class space    used 740K, committed 832K, reserved 1048576K
}
Event: 1.703 GC heap after
{Heap after GC invocations=1 (full 0):
 garbage-first heap   total 98304K, used 10304K [0x0000000080000000, 0x0000000100000000)
  region size 1024K, 3 young (3072K), 3 survivors (3072K)
 Metaspace       used 8147K, committed 8320K, reserved 1114112K
  class space    used 740K, committed 832K, reserved 1048576K
}
Event: 3.150 GC heap before
{Heap before GC invocations=1 (full 0):
 garbage-first heap   total 98304K, used 38976K [0x0000000080000000, 0x0000000100000000)
  region size 1024K, 32 young (32768K), 3 survivors (3072K)
 Metaspace       used 12063K, committed 12288K, reserved 1114112K
  class space    used 1282K, committed 1408K, reserved 1048576K
}
Event: 3.158 GC heap after
{Heap after GC invocations=2 (full 0):
 garbage-first heap   total 98304K, used 12003K [0x0000000080000000, 0x0000000100000000)
  region size 1024K, 2 young (2048K), 2 survivors (2048K)
 Metaspace       used 12063K, committed 12288K, reserved 1114112K
  class space    used 1282K, committed 1408K, reserved 1048576K
}
Event: 10.276 GC heap before
{Heap before GC invocations=2 (full 0):
 garbage-first heap   total 98304K, used 70371K [0x0000000080000000, 0x0000000100000000)
  region size 1024K, 57 young (58368K), 2 survivors (2048K)
 Metaspace       used 19184K, committed 19520K, reserved 1114112K
  class space    used 2168K, committed 2304K, reserved 1048576K
}
Event: 10.287 GC heap after
{Heap after GC invocations=3 (full 0):
 garbage-first heap   total 98304K, used 19910K [0x0000000080000000, 0x0000000100000000)
  region size 1024K, 8 young (8192K), 8 survivors (8192K)
 Metaspace       used 19184K, committed 19520K, reserved 1114112K
  class space    used 2168K, committed 2304K, reserved 1048576K
}
Event: 10.582 GC heap before
{Heap before GC invocations=3 (full 0):
 garbage-first heap   total 98304K, used 28102K [0x0000000080000000, 0x0000000100000000)
  region size 1024K, 17 young (17408K), 8 survivors (8192K)
 Metaspace       used 21176K, committed 21504K, reserved 1114112K
  class space    used 2442K, committed 2624K, reserved 1048576K
}
Event: 10.592 GC heap after
{Heap after GC invocations=4 (full 0):
 garbage-first heap   total 98304K, used 21262K [0x0000000080000000, 0x0000000100000000)
  region size 1024K, 2 young (2048K), 2 survivors (2048K)
 Metaspace       used 21176K, committed 21504K, reserved 1114112K
  class space    used 2442K, committed 2624K, reserved 1048576K
}
Event: 12.532 GC heap before
{Heap before GC invocations=5 (full 0):
 garbage-first heap   total 78848K, used 65294K [0x0000000080000000, 0x0000000100000000)
  region size 1024K, 46 young (47104K), 2 survivors (2048K)
 Metaspace       used 28824K, committed 29440K, reserved 1114112K
  class space    used 3665K, committed 3968K, reserved 1048576K
}
Event: 12.539 GC heap after
{Heap after GC invocations=6 (full 0):
 garbage-first heap   total 78848K, used 23596K [0x0000000080000000, 0x0000000100000000)
  region size 1024K, 4 young (4096K), 4 survivors (4096K)
 Metaspace       used 28824K, committed 29440K, reserved 1114112K
  class space    used 3665K, committed 3968K, reserved 1048576K
}

