# JRE version: OpenJDK Runtime Environment (21.0.3) (build 21.0.3+-12282718-b509.11)
# Java VM: OpenJDK 64-Bit Server VM (21.0.3+-12282718-b509.11, mixed mode, tiered, compressed oops, compressed class ptrs, g1 gc, windows-amd64)
GC Precious Log:
 CardTable entry size: 512
 Card Set container configuration: InlinePtr #cards 5 size 8 Array Of Cards #cards 12 size 40 Howl #buckets 4 coarsen threshold 1843 Howl Bitmap #cards 512 size 80 coarsen threshold 460 Card regions per heap region 1 cards per card region 2048
 CPUs: 8 total, 8 available
 Memory: 6060M
 Large Page Support: Disabled
 NUMA Support: Disabled
 Compressed Oops: Enabled (32-bit)
 Heap Region Size: 1M
 Heap Min Capacity: 8M
 Heap Initial Capacity: 96M
 Heap Max Capacity: 2G
 Pre-touch: Disabled
 Parallel Workers: 8
 Concurrent Workers: 2
 Concurrent Refinement Workers: 8
 Periodic GC: Disabled
Heap:
 garbage-first heap   total 373760K, used 267295K [0x0000000080000000, 0x0000000100000000)
  region size 1024K, 102 young (104448K), 8 survivors (8192K)
 Metaspace       used 136788K, committed 139008K, reserved 1179648K
  class space    used 18664K, committed 19776K, reserved 1048576K
GC Heap History (20 events):
Event: 58.744 GC heap before
{Heap before GC invocations=71 (full 0):
 garbage-first heap   total 367616K, used 335865K [0x0000000080000000, 0x0000000100000000)
  region size 1024K, 182 young (186368K), 11 survivors (11264K)
 Metaspace       used 135960K, committed 138112K, reserved 1179648K
  class space    used 18551K, committed 19648K, reserved 1048576K
}
Event: 58.761 GC heap after
{Heap after GC invocations=72 (full 0):
 garbage-first heap   total 367616K, used 160791K [0x0000000080000000, 0x0000000100000000)
  region size 1024K, 11 young (11264K), 11 survivors (11264K)
 Metaspace       used 135960K, committed 138112K, reserved 1179648K
  class space    used 18551K, committed 19648K, reserved 1048576K
}
Event: 59.934 GC heap before
{Heap before GC invocations=72 (full 0):
 garbage-first heap   total 367616K, used 336919K [0x0000000080000000, 0x0000000100000000)
  region size 1024K, 182 young (186368K), 11 survivors (11264K)
 Metaspace       used 136469K, committed 138624K, reserved 1179648K
  class space    used 18638K, committed 19712K, reserved 1048576K
}
Event: 59.956 GC heap after
{Heap after GC invocations=73 (full 0):
 garbage-first heap   total 367616K, used 157951K [0x0000000080000000, 0x0000000100000000)
  region size 1024K, 12 young (12288K), 12 survivors (12288K)
 Metaspace       used 136469K, committed 138624K, reserved 1179648K
  class space    used 18638K, committed 19712K, reserved 1048576K
}
Event: 60.759 GC heap before
{Heap before GC invocations=73 (full 0):
 garbage-first heap   total 367616K, used 333055K [0x0000000080000000, 0x0000000100000000)
  region size 1024K, 184 young (188416K), 12 survivors (12288K)
 Metaspace       used 136505K, committed 138688K, reserved 1179648K
  class space    used 18639K, committed 19712K, reserved 1048576K
}
Event: 60.793 GC heap after
{Heap after GC invocations=74 (full 0):
 garbage-first heap   total 367616K, used 170682K [0x0000000080000000, 0x0000000100000000)
  region size 1024K, 23 young (23552K), 23 survivors (23552K)
 Metaspace       used 136505K, committed 138688K, reserved 1179648K
  class space    used 18639K, committed 19712K, reserved 1048576K
}
Event: 61.707 GC heap before
{Heap before GC invocations=75 (full 0):
 garbage-first heap   total 373760K, used 324282K [0x0000000080000000, 0x0000000100000000)
  region size 1024K, 173 young (177152K), 23 survivors (23552K)
 Metaspace       used 136523K, committed 138688K, reserved 1179648K
  class space    used 18639K, committed 19712K, reserved 1048576K
}
Event: 61.739 GC heap after
{Heap after GC invocations=76 (full 0):
 garbage-first heap   total 373760K, used 174559K [0x0000000080000000, 0x0000000100000000)
  region size 1024K, 4 young (4096K), 4 survivors (4096K)
 Metaspace       used 136523K, committed 138688K, reserved 1179648K
  class space    used 18639K, committed 19712K, reserved 1048576K
}
Event: 62.877 GC heap before
{Heap before GC invocations=76 (full 0):
 garbage-first heap   total 373760K, used 349663K [0x0000000080000000, 0x0000000100000000)
  region size 1024K, 175 young (179200K), 4 survivors (4096K)
 Metaspace       used 136549K, committed 138688K, reserved 1179648K
  class space    used 18641K, committed 19712K, reserved 1048576K
}
Event: 62.893 GC heap after
{Heap after GC invocations=77 (full 0):
 garbage-first heap   total 373760K, used 173056K [0x0000000080000000, 0x0000000100000000)
  region size 1024K, 4 young (4096K), 4 survivors (4096K)
 Metaspace       used 136549K, committed 138688K, reserved 1179648K
  class space    used 18641K, committed 19712K, reserved 1048576K
}
Event: 64.413 GC heap before
{Heap before GC invocations=77 (full 0):
 garbage-first heap   total 373760K, used 345088K [0x0000000080000000, 0x0000000100000000)
  region size 1024K, 173 young (177152K), 4 survivors (4096K)
 Metaspace       used 136698K, committed 138880K, reserved 1179648K
  class space    used 18659K, committed 19776K, reserved 1048576K
}
Event: 64.428 GC heap after
{Heap after GC invocations=78 (full 0):
 garbage-first heap   total 373760K, used 177280K [0x0000000080000000, 0x0000000100000000)
  region size 1024K, 9 young (9216K), 9 survivors (9216K)
 Metaspace       used 136698K, committed 138880K, reserved 1179648K
  class space    used 18659K, committed 19776K, reserved 1048576K
}
Event: 66.677 GC heap before
{Heap before GC invocations=79 (full 0):
 garbage-first heap   total 373760K, used 349312K [0x0000000080000000, 0x0000000100000000)
  region size 1024K, 172 young (176128K), 9 survivors (9216K)
 Metaspace       used 136734K, committed 138944K, reserved 1179648K
  class space    used 18659K, committed 19776K, reserved 1048576K
}
Event: 66.688 GC heap after
{Heap after GC invocations=80 (full 0):
 garbage-first heap   total 373760K, used 175083K [0x0000000080000000, 0x0000000100000000)
  region size 1024K, 6 young (6144K), 6 survivors (6144K)
 Metaspace       used 136734K, committed 138944K, reserved 1179648K
  class space    used 18659K, committed 19776K, reserved 1048576K
}
Event: 69.387 GC heap before
{Heap before GC invocations=80 (full 0):
 garbage-first heap   total 373760K, used 348139K [0x0000000080000000, 0x0000000100000000)
  region size 1024K, 175 young (179200K), 6 survivors (6144K)
 Metaspace       used 136746K, committed 138944K, reserved 1179648K
  class space    used 18659K, committed 19776K, reserved 1048576K
}
Event: 69.406 GC heap after
{Heap after GC invocations=81 (full 0):
 garbage-first heap   total 373760K, used 171033K [0x0000000080000000, 0x0000000100000000)
  region size 1024K, 7 young (7168K), 7 survivors (7168K)
 Metaspace       used 136746K, committed 138944K, reserved 1179648K
  class space    used 18659K, committed 19776K, reserved 1048576K
}
Event: 71.759 GC heap before
{Heap before GC invocations=81 (full 0):
 garbage-first heap   total 373760K, used 346137K [0x0000000080000000, 0x0000000100000000)
  region size 1024K, 178 young (182272K), 7 survivors (7168K)
 Metaspace       used 136760K, committed 138944K, reserved 1179648K
  class space    used 18659K, committed 19776K, reserved 1048576K
}
Event: 71.772 GC heap after
{Heap after GC invocations=82 (full 0):
 garbage-first heap   total 373760K, used 171523K [0x0000000080000000, 0x0000000100000000)
  region size 1024K, 8 young (8192K), 8 survivors (8192K)
 Metaspace       used 136760K, committed 138944K, reserved 1179648K
  class space    used 18659K, committed 19776K, reserved 1048576K
}
Event: 73.921 GC heap before
{Heap before GC invocations=83 (full 0):
 garbage-first heap   total 373760K, used 344579K [0x0000000080000000, 0x0000000100000000)
  region size 1024K, 177 young (181248K), 8 survivors (8192K)
 Metaspace       used 136768K, committed 138944K, reserved 1179648K
  class space    used 18659K, committed 19776K, reserved 1048576K
}
Event: 73.936 GC heap after
{Heap after GC invocations=84 (full 0):
 garbage-first heap   total 373760K, used 172063K [0x0000000080000000, 0x0000000100000000)
  region size 1024K, 8 young (8192K), 8 survivors (8192K)
 Metaspace       used 136768K, committed 138944K, reserved 1179648K
  class space    used 18659K, committed 19776K, reserved 1048576K
}

